Arguments: 
  /Users/krish/.nvm/versions/node/v7.7.1/bin/node /usr/local/bin/yarn add express body-parser babel-preset-stage-0 babel-preset-es2015 babel-plugin-transform-runtime

PATH: 
  /Users/krish/.nvm/versions/node/v7.7.1/bin:/usr/local/bin:/usr/local/bin:/usr/bin:/bin:/usr/sbin:/sbin

Yarn version: 
  0.21.3

Node version: 
  7.7.1

Platform: 
  darwin x64

npm manifest: 
  {
    "name": "react-backend",
    "version": "0.0.0",
    "private": true,
    "scripts": {
    "start": "nodemon -r babel-register server.js"
    },
    "dependencies": {
  
    },
    "devDependencies": {
      "babel-register": "^6.24.1",
      "nodemon": "^1.11.0"
    }
  }

yarn manifest: 
  No manifest

Lockfile: 
  No lockfile

Trace: 
  Error: getaddrinfo ENOTFOUND registry.yarnpkg.com registry.yarnpkg.com:443
      at errnoException (dns.js:28:10)
      at GetAddrInfoReqWrap.onlookup [as oncomplete] (dns.js:73:26)
